# JRE version: OpenJDK Runtime Environment Temurin-21.0.6+7 (21.0.6+7) (build 21.0.6+7-LTS)
# Java VM: OpenJDK 64-Bit Server VM Temurin-21.0.6+7 (21.0.6+7-LTS, mixed mode, emulated-client, sharing, tiered, compressed oops, compressed class ptrs, g1 gc, windows-amd64)
GC Precious Log:
 CardTable entry size: 512
 Card Set container configuration: InlinePtr #cards 4 size 8 Array Of Cards #cards 16 size 48 Howl #buckets 8 coarsen threshold 3686 Howl Bitmap #cards 512 size 80 coarsen threshold 460 Card regions per heap region 1 cards per card region 4096
 CPUs: 8 total, 8 available
 Memory: 12121M
 Large Page Support: Disabled
 NUMA Support: Disabled
 Compressed Oops: Enabled (Zero based)
 Heap Region Size: 2M
 Heap Min Capacity: 8M
 Heap Initial Capacity: 190M
 Heap Max Capacity: 3032M
 Pre-touch: Disabled
 Parallel Workers: 8
 Concurrent Workers: 2
 Concurrent Refinement Workers: 8
 Periodic GC: Disabled
Heap:
 garbage-first heap   total 143360K, used 103260K [0x0000000742800000, 0x0000000800000000)
  region size 2048K, 13 young (26624K), 1 survivors (2048K)
 Metaspace       used 111815K, committed 113664K, reserved 1179648K
  class space    used 14879K, committed 15680K, reserved 1048576K
GC Heap History (20 events):
Event: 35910.932 GC heap before
{Heap before GC invocations=123 (full 9):
 garbage-first heap   total 143360K, used 123240K [0x0000000742800000, 0x0000000800000000)
  region size 2048K, 25 young (51200K), 3 survivors (6144K)
 Metaspace       used 110045K, committed 111424K, reserved 1179648K
  class space    used 14715K, committed 15360K, reserved 1048576K
}
Event: 35910.942 GC heap after
{Heap after GC invocations=124 (full 9):
 garbage-first heap   total 143360K, used 75867K [0x0000000742800000, 0x0000000800000000)
  region size 2048K, 1 young (2048K), 1 survivors (2048K)
 Metaspace       used 110045K, committed 111424K, reserved 1179648K
  class space    used 14715K, committed 15360K, reserved 1048576K
}
Event: 36190.608 GC heap before
{Heap before GC invocations=124 (full 9):
 garbage-first heap   total 143360K, used 131163K [0x0000000742800000, 0x0000000800000000)
  region size 2048K, 28 young (57344K), 1 survivors (2048K)
 Metaspace       used 110045K, committed 111424K, reserved 1179648K
  class space    used 14715K, committed 15360K, reserved 1048576K
}
Event: 36190.619 GC heap after
{Heap after GC invocations=125 (full 9):
 garbage-first heap   total 143360K, used 74736K [0x0000000742800000, 0x0000000800000000)
  region size 2048K, 1 young (2048K), 1 survivors (2048K)
 Metaspace       used 110045K, committed 111424K, reserved 1179648K
  class space    used 14715K, committed 15360K, reserved 1048576K
}
Event: 36441.025 GC heap before
{Heap before GC invocations=126 (full 9):
 garbage-first heap   total 143360K, used 111600K [0x0000000742800000, 0x0000000800000000)
  region size 2048K, 20 young (40960K), 1 survivors (2048K)
 Metaspace       used 110039K, committed 111424K, reserved 1179648K
  class space    used 14707K, committed 15360K, reserved 1048576K
}
Event: 36441.400 GC heap after
{Heap after GC invocations=127 (full 10):
 garbage-first heap   total 143360K, used 61567K [0x0000000742800000, 0x0000000800000000)
  region size 2048K, 0 young (0K), 0 survivors (0K)
 Metaspace       used 109975K, committed 111424K, reserved 1179648K
  class space    used 14691K, committed 15360K, reserved 1048576K
}
Event: 36444.371 GC heap before
{Heap before GC invocations=127 (full 10):
 garbage-first heap   total 143360K, used 127103K [0x0000000742800000, 0x0000000800000000)
  region size 2048K, 33 young (67584K), 0 survivors (0K)
 Metaspace       used 110438K, committed 111808K, reserved 1179648K
  class space    used 14757K, committed 15424K, reserved 1048576K
}
Event: 36444.385 GC heap after
{Heap after GC invocations=128 (full 10):
 garbage-first heap   total 143360K, used 68620K [0x0000000742800000, 0x0000000800000000)
  region size 2048K, 4 young (8192K), 4 survivors (8192K)
 Metaspace       used 110438K, committed 111808K, reserved 1179648K
  class space    used 14757K, committed 15424K, reserved 1048576K
}
Event: 36446.185 GC heap before
{Heap before GC invocations=129 (full 10):
 garbage-first heap   total 143360K, used 121868K [0x0000000742800000, 0x0000000800000000)
  region size 2048K, 30 young (61440K), 4 survivors (8192K)
 Metaspace       used 110986K, committed 112384K, reserved 1179648K
  class space    used 14808K, committed 15488K, reserved 1048576K
}
Event: 36446.210 GC heap after
{Heap after GC invocations=130 (full 10):
 garbage-first heap   total 143360K, used 71922K [0x0000000742800000, 0x0000000800000000)
  region size 2048K, 3 young (6144K), 3 survivors (6144K)
 Metaspace       used 110986K, committed 112384K, reserved 1179648K
  class space    used 14808K, committed 15488K, reserved 1048576K
}
Event: 36447.837 GC heap before
{Heap before GC invocations=130 (full 10):
 garbage-first heap   total 143360K, used 123122K [0x0000000742800000, 0x0000000800000000)
  region size 2048K, 28 young (57344K), 3 survivors (6144K)
 Metaspace       used 111595K, committed 113024K, reserved 1179648K
  class space    used 14856K, committed 15552K, reserved 1048576K
}
Event: 36447.860 GC heap after
{Heap after GC invocations=131 (full 10):
 garbage-first heap   total 143360K, used 75478K [0x0000000742800000, 0x0000000800000000)
  region size 2048K, 4 young (8192K), 4 survivors (8192K)
 Metaspace       used 111595K, committed 113024K, reserved 1179648K
  class space    used 14856K, committed 15552K, reserved 1048576K
}
Event: 36450.087 GC heap before
{Heap before GC invocations=131 (full 10):
 garbage-first heap   total 143360K, used 122582K [0x0000000742800000, 0x0000000800000000)
  region size 2048K, 27 young (55296K), 4 survivors (8192K)
 Metaspace       used 111719K, committed 113216K, reserved 1179648K
  class space    used 14884K, committed 15616K, reserved 1048576K
}
Event: 36450.121 GC heap after
{Heap after GC invocations=132 (full 10):
 garbage-first heap   total 143360K, used 79203K [0x0000000742800000, 0x0000000800000000)
  region size 2048K, 4 young (8192K), 4 survivors (8192K)
 Metaspace       used 111719K, committed 113216K, reserved 1179648K
  class space    used 14884K, committed 15616K, reserved 1048576K
}
Event: 36497.106 GC heap before
{Heap before GC invocations=133 (full 10):
 garbage-first heap   total 143360K, used 122211K [0x0000000742800000, 0x0000000800000000)
  region size 2048K, 25 young (51200K), 4 survivors (8192K)
 Metaspace       used 112087K, committed 113664K, reserved 1179648K
  class space    used 14939K, committed 15680K, reserved 1048576K
}
Event: 36497.135 GC heap after
{Heap after GC invocations=134 (full 10):
 garbage-first heap   total 143360K, used 81948K [0x0000000742800000, 0x0000000800000000)
  region size 2048K, 4 young (8192K), 4 survivors (8192K)
 Metaspace       used 112087K, committed 113664K, reserved 1179648K
  class space    used 14939K, committed 15680K, reserved 1048576K
}
Event: 36614.349 GC heap before
{Heap before GC invocations=134 (full 10):
 garbage-first heap   total 143360K, used 120860K [0x0000000742800000, 0x0000000800000000)
  region size 2048K, 23 young (47104K), 4 survivors (8192K)
 Metaspace       used 112087K, committed 113664K, reserved 1179648K
  class space    used 14939K, committed 15680K, reserved 1048576K
}
Event: 36614.365 GC heap after
{Heap after GC invocations=135 (full 10):
 garbage-first heap   total 143360K, used 81608K [0x0000000742800000, 0x0000000800000000)
  region size 2048K, 1 young (2048K), 1 survivors (2048K)
 Metaspace       used 112087K, committed 113664K, reserved 1179648K
  class space    used 14939K, committed 15680K, reserved 1048576K
}
Event: 36894.517 GC heap before
{Heap before GC invocations=135 (full 10):
 garbage-first heap   total 143360K, used 126664K [0x0000000742800000, 0x0000000800000000)
  region size 2048K, 23 young (47104K), 1 survivors (2048K)
 Metaspace       used 112087K, committed 113664K, reserved 1179648K
  class space    used 14939K, committed 15680K, reserved 1048576K
}
Event: 36894.523 GC heap after
{Heap after GC invocations=136 (full 10):
 garbage-first heap   total 143360K, used 80732K [0x0000000742800000, 0x0000000800000000)
  region size 2048K, 1 young (2048K), 1 survivors (2048K)
 Metaspace       used 112087K, committed 113664K, reserved 1179648K
  class space    used 14939K, committed 15680K, reserved 1048576K
}

